2025-05-16 00:29:10,232	[INFO]	(client.py:162)_bot_login	[botpy] 登录机器人账号中...
2025-05-16 00:29:10,470	[INFO]	(robot.py:65)update_access_token	[botpy] access_token expires_in 201
2025-05-16 00:29:11,076	[INFO]	(client.py:181)_bot_init	[botpy] 程序启动...
2025-05-16 00:29:11,076	[INFO]	(connection.py:60)multi_run	[botpy] 最大并发连接数: 1, 启动会话数: 1
2025-05-16 00:29:11,076	[INFO]	(client.py:242)bot_connect	[botpy] 会话启动中...
2025-05-16 00:29:11,077	[INFO]	(gateway.py:115)ws_connect	[botpy] 启动中...
2025-05-16 00:29:11,264	[INFO]	(gateway.py:142)ws_identify	[botpy] 鉴权中...
2025-05-16 00:29:11,398	[INFO]	(gateway.py:85)on_message	[botpy] 机器人「小叶子机器人」启动成功！
2025-05-16 00:29:11,398	[INFO]	(gateway.py:223)_send_heart	[botpy] 心跳维持启动...
2025-05-16 00:52:05,938	[INFO]	(client.py:162)_bot_login	[botpy] 登录机器人账号中...
2025-05-16 00:52:06,175	[INFO]	(robot.py:65)update_access_token	[botpy] access_token expires_in 6122
2025-05-16 00:52:06,732	[INFO]	(client.py:181)_bot_init	[botpy] 程序启动...
2025-05-16 00:52:06,732	[INFO]	(connection.py:60)multi_run	[botpy] 最大并发连接数: 1, 启动会话数: 1
2025-05-16 00:52:06,733	[INFO]	(client.py:242)bot_connect	[botpy] 会话启动中...
2025-05-16 00:52:06,733	[INFO]	(gateway.py:115)ws_connect	[botpy] 启动中...
2025-05-16 00:52:06,915	[INFO]	(gateway.py:142)ws_identify	[botpy] 鉴权中...
2025-05-16 00:52:07,044	[INFO]	(gateway.py:85)on_message	[botpy] 机器人「小叶子机器人」启动成功！
2025-05-16 00:52:07,044	[INFO]	(gateway.py:223)_send_heart	[botpy] 心跳维持启动...
2025-05-16 00:54:04,369	[INFO]	(client.py:162)_bot_login	[botpy] 登录机器人账号中...
2025-05-16 00:54:04,596	[INFO]	(robot.py:65)update_access_token	[botpy] access_token expires_in 6003
2025-05-16 00:54:05,150	[INFO]	(client.py:181)_bot_init	[botpy] 程序启动...
2025-05-16 00:54:05,150	[INFO]	(connection.py:60)multi_run	[botpy] 最大并发连接数: 1, 启动会话数: 1
2025-05-16 00:54:05,150	[INFO]	(client.py:242)bot_connect	[botpy] 会话启动中...
2025-05-16 00:54:05,151	[INFO]	(gateway.py:115)ws_connect	[botpy] 启动中...
2025-05-16 00:54:05,319	[INFO]	(gateway.py:142)ws_identify	[botpy] 鉴权中...
2025-05-16 00:54:05,459	[INFO]	(gateway.py:85)on_message	[botpy] 机器人「小叶子机器人」启动成功！
2025-05-16 00:54:05,459	[INFO]	(gateway.py:223)_send_heart	[botpy] 心跳维持启动...
2025-05-16 00:59:54,810	[INFO]	(client.py:162)_bot_login	[botpy] 登录机器人账号中...
2025-05-16 00:59:55,023	[INFO]	(robot.py:65)update_access_token	[botpy] access_token expires_in 5653
2025-05-16 00:59:55,606	[INFO]	(client.py:181)_bot_init	[botpy] 程序启动...
2025-05-16 00:59:55,606	[INFO]	(connection.py:60)multi_run	[botpy] 最大并发连接数: 1, 启动会话数: 1
2025-05-16 00:59:55,606	[INFO]	(client.py:242)bot_connect	[botpy] 会话启动中...
2025-05-16 00:59:55,606	[INFO]	(gateway.py:115)ws_connect	[botpy] 启动中...
2025-05-16 00:59:55,761	[INFO]	(gateway.py:142)ws_identify	[botpy] 鉴权中...
2025-05-16 00:59:55,872	[INFO]	(gateway.py:85)on_message	[botpy] 机器人「小叶子机器人」启动成功！
2025-05-16 00:59:55,873	[INFO]	(gateway.py:223)_send_heart	[botpy] 心跳维持启动...
2025-05-16 01:02:30,388	[INFO]	(client.py:162)_bot_login	[botpy] 登录机器人账号中...
2025-05-16 01:02:30,621	[INFO]	(robot.py:65)update_access_token	[botpy] access_token expires_in 5497
2025-05-16 01:02:31,173	[INFO]	(client.py:181)_bot_init	[botpy] 程序启动...
2025-05-16 01:02:31,174	[INFO]	(connection.py:60)multi_run	[botpy] 最大并发连接数: 1, 启动会话数: 1
2025-05-16 01:02:31,174	[INFO]	(client.py:242)bot_connect	[botpy] 会话启动中...
2025-05-16 01:02:31,174	[INFO]	(gateway.py:115)ws_connect	[botpy] 启动中...
2025-05-16 01:02:31,341	[INFO]	(gateway.py:142)ws_identify	[botpy] 鉴权中...
2025-05-16 01:02:31,465	[INFO]	(gateway.py:85)on_message	[botpy] 机器人「小叶子机器人」启动成功！
2025-05-16 01:02:31,466	[INFO]	(gateway.py:223)_send_heart	[botpy] 心跳维持启动...
2025-05-16 01:03:41,957	[INFO]	(client.py:162)_bot_login	[botpy] 登录机器人账号中...
2025-05-16 01:03:42,157	[INFO]	(robot.py:65)update_access_token	[botpy] access_token expires_in 5426
2025-05-16 01:03:42,697	[INFO]	(client.py:181)_bot_init	[botpy] 程序启动...
2025-05-16 01:03:42,697	[INFO]	(connection.py:60)multi_run	[botpy] 最大并发连接数: 1, 启动会话数: 1
2025-05-16 01:03:42,697	[INFO]	(client.py:242)bot_connect	[botpy] 会话启动中...
2025-05-16 01:03:42,697	[INFO]	(gateway.py:115)ws_connect	[botpy] 启动中...
2025-05-16 01:03:42,870	[INFO]	(gateway.py:142)ws_identify	[botpy] 鉴权中...
2025-05-16 01:03:42,994	[INFO]	(gateway.py:85)on_message	[botpy] 机器人「小叶子机器人」启动成功！
2025-05-16 01:03:42,995	[INFO]	(gateway.py:223)_send_heart	[botpy] 心跳维持启动...
2025-05-16 01:07:02,538	[INFO]	(client.py:162)_bot_login	[botpy] 登录机器人账号中...
2025-05-16 01:07:02,760	[INFO]	(robot.py:65)update_access_token	[botpy] access_token expires_in 5225
2025-05-16 01:07:03,316	[INFO]	(client.py:181)_bot_init	[botpy] 程序启动...
2025-05-16 01:07:03,316	[INFO]	(connection.py:60)multi_run	[botpy] 最大并发连接数: 1, 启动会话数: 1
2025-05-16 01:07:03,317	[INFO]	(client.py:242)bot_connect	[botpy] 会话启动中...
2025-05-16 01:07:03,317	[INFO]	(gateway.py:115)ws_connect	[botpy] 启动中...
2025-05-16 01:07:03,469	[INFO]	(gateway.py:142)ws_identify	[botpy] 鉴权中...
2025-05-16 01:07:03,576	[INFO]	(gateway.py:85)on_message	[botpy] 机器人「小叶子机器人」启动成功！
2025-05-16 01:07:03,576	[INFO]	(gateway.py:223)_send_heart	[botpy] 心跳维持启动...
2025-05-16 01:08:29,266	[INFO]	(client.py:162)_bot_login	[botpy] 登录机器人账号中...
2025-05-16 01:08:29,466	[INFO]	(robot.py:65)update_access_token	[botpy] access_token expires_in 5138
2025-05-16 01:08:30,020	[INFO]	(client.py:181)_bot_init	[botpy] 程序启动...
2025-05-16 01:08:30,020	[INFO]	(connection.py:60)multi_run	[botpy] 最大并发连接数: 1, 启动会话数: 1
2025-05-16 01:08:30,020	[INFO]	(client.py:242)bot_connect	[botpy] 会话启动中...
2025-05-16 01:08:30,021	[INFO]	(gateway.py:115)ws_connect	[botpy] 启动中...
2025-05-16 01:08:30,173	[INFO]	(gateway.py:142)ws_identify	[botpy] 鉴权中...
2025-05-16 01:08:30,274	[INFO]	(gateway.py:85)on_message	[botpy] 机器人「小叶子机器人」启动成功！
2025-05-16 01:08:30,274	[INFO]	(gateway.py:223)_send_heart	[botpy] 心跳维持启动...
2025-05-16 01:35:49,060	[INFO]	(client.py:162)_bot_login	[botpy] 登录机器人账号中...
2025-05-16 01:35:49,272	[INFO]	(robot.py:65)update_access_token	[botpy] access_token expires_in 3498
2025-05-16 01:35:49,862	[INFO]	(client.py:181)_bot_init	[botpy] 程序启动...
2025-05-16 01:35:49,863	[INFO]	(connection.py:60)multi_run	[botpy] 最大并发连接数: 1, 启动会话数: 1
2025-05-16 01:35:49,863	[INFO]	(client.py:242)bot_connect	[botpy] 会话启动中...
2025-05-16 01:35:49,863	[INFO]	(gateway.py:115)ws_connect	[botpy] 启动中...
2025-05-16 01:35:50,056	[INFO]	(gateway.py:142)ws_identify	[botpy] 鉴权中...
2025-05-16 01:35:50,189	[INFO]	(gateway.py:85)on_message	[botpy] 机器人「小叶子机器人」启动成功！
2025-05-16 01:35:50,189	[INFO]	(gateway.py:223)_send_heart	[botpy] 心跳维持启动...
